<?xml version="1.0" encoding="UTF-8"?>
<testng-results ignored="0" total="1" passed="1" failed="0" skipped="0">
  <reporter-output>
  </reporter-output>
  <suite started-at="2025-09-09T23:05:06 PDT" name="FrameWorkOne" finished-at="2025-09-09T23:05:09 PDT" duration-ms="3115">
    <groups>
    </groups>
    <test started-at="2025-09-09T23:05:06 PDT" name="LoginTest" finished-at="2025-09-09T23:05:09 PDT" duration-ms="3115">
      <class name="frameworkone.base.test.TestLogin">
        <test-method is-config="true" signature="setUp()[pri:0, instance:frameworkone.base.test.TestLogin@57db2b13]" started-at="2025-09-09T23:05:06 PDT" name="setUp" finished-at="2025-09-09T23:05:08 PDT" duration-ms="1813" status="PASS">
          <reporter-output>
          </reporter-output>
        </test-method> <!-- setUp -->
        <test-method signature="loginTest()[pri:0, instance:frameworkone.base.test.TestLogin@57db2b13]" started-at="2025-09-09T23:05:08 PDT" name="loginTest" finished-at="2025-09-09T23:05:09 PDT" duration-ms="1180" status="PASS">
          <reporter-output>
          </reporter-output>
        </test-method> <!-- loginTest -->
        <test-method is-config="true" signature="tearDown()[pri:0, instance:frameworkone.base.test.TestLogin@57db2b13]" started-at="2025-09-09T23:05:09 PDT" name="tearDown" finished-at="2025-09-09T23:05:09 PDT" duration-ms="100" status="PASS">
          <reporter-output>
          </reporter-output>
        </test-method> <!-- tearDown -->
      </class> <!-- frameworkone.base.test.TestLogin -->
    </test> <!-- LoginTest -->
  </suite> <!-- FrameWorkOne -->
</testng-results>
